<?xml version="1.0" encoding="UTF-8"?><testrun name="GasolineraTest" project="nTaller1_Gasolinera" tests="7" started="7" failures="3" errors="0" ignored="0">
  <testsuite name="uniandes.dpoo.gasolinera.tests.GasolineraTest" time="0.025" displayname="GasolineraTest" uniqueid="[engine:junit-jupiter]/[class:uniandes.dpoo.gasolinera.tests.GasolineraTest]">
    <testcase name="testGetEmpleado" classname="uniandes.dpoo.gasolinera.tests.GasolineraTest" time="0.0" displayname="testGetEmpleado()" uniqueid="[engine:junit-jupiter]/[class:uniandes.dpoo.gasolinera.tests.GasolineraTest]/[method:testGetEmpleado()]"/>
    <testcase name="testVenderGasolinaPorPrecioSencillo" classname="uniandes.dpoo.gasolinera.tests.GasolineraTest" time="0.008" displayname="testVenderGasolinaPorPrecioSencillo()" uniqueid="[engine:junit-jupiter]/[class:uniandes.dpoo.gasolinera.tests.GasolineraTest]/[method:testVenderGasolinaPorPrecioSencillo()]">
      <failure>
        <expected>2.0689655172413794</expected>
        <actual>-2.0689655172413794</actual>
        org.opentest4j.AssertionFailedError: La cantidad de galones vendidos en el surtidor no es correcta ==&gt; expected: &lt;2.0689655172413794&gt; but was: &lt;-2.0689655172413794&gt;
	at org.junit.jupiter.api.AssertionFailureBuilder.build(AssertionFailureBuilder.java:151)
	at org.junit.jupiter.api.AssertionFailureBuilder.buildAndThrow(AssertionFailureBuilder.java:132)
	at org.junit.jupiter.api.AssertEquals.failNotEqual(AssertEquals.java:197)
	at org.junit.jupiter.api.AssertEquals.assertEquals(AssertEquals.java:86)
	at org.junit.jupiter.api.Assertions.assertEquals(Assertions.java:1024)
	at uniandes.dpoo.gasolinera.tests.GasolineraTest.testVenderGasolinaPorPrecioSencillo(GasolineraTest.java:288)
	at java.base/java.lang.reflect.Method.invoke(Method.java:580)
	at java.base/java.util.ArrayList.forEach(ArrayList.java:1597)
	at java.base/java.util.ArrayList.forEach(ArrayList.java:1597)


      </failure>
    </testcase>
    <testcase name="testConstructor1" classname="uniandes.dpoo.gasolinera.tests.GasolineraTest" time="0.001" displayname="testConstructor1()" uniqueid="[engine:junit-jupiter]/[class:uniandes.dpoo.gasolinera.tests.GasolineraTest]/[method:testConstructor1()]"/>
    <testcase name="testConstructor2" classname="uniandes.dpoo.gasolinera.tests.GasolineraTest" time="0.001" displayname="testConstructor2()" uniqueid="[engine:junit-jupiter]/[class:uniandes.dpoo.gasolinera.tests.GasolineraTest]/[method:testConstructor2()]"/>
    <testcase name="testVenderGasolinaPorCantidadInsuficiente" classname="uniandes.dpoo.gasolinera.tests.GasolineraTest" time="0.005" displayname="testVenderGasolinaPorCantidadInsuficiente()" uniqueid="[engine:junit-jupiter]/[class:uniandes.dpoo.gasolinera.tests.GasolineraTest]/[method:testVenderGasolinaPorCantidadInsuficiente()]">
      <failure>
        <expected>100.0</expected>
        <actual>-100.0</actual>
        org.opentest4j.AssertionFailedError: La cantidad de galones vendidos en el surtidor no es correcta ==&gt; expected: &lt;100.0&gt; but was: &lt;-100.0&gt;
	at org.junit.jupiter.api.AssertionFailureBuilder.build(AssertionFailureBuilder.java:151)
	at org.junit.jupiter.api.AssertionFailureBuilder.buildAndThrow(AssertionFailureBuilder.java:132)
	at org.junit.jupiter.api.AssertEquals.failNotEqual(AssertEquals.java:197)
	at org.junit.jupiter.api.AssertEquals.assertEquals(AssertEquals.java:86)
	at org.junit.jupiter.api.Assertions.assertEquals(Assertions.java:1024)
	at uniandes.dpoo.gasolinera.tests.GasolineraTest.testVenderGasolinaPorCantidadInsuficiente(GasolineraTest.java:329)
	at java.base/java.lang.reflect.Method.invoke(Method.java:580)
	at java.base/java.util.ArrayList.forEach(ArrayList.java:1597)
	at java.base/java.util.ArrayList.forEach(ArrayList.java:1597)


      </failure>
    </testcase>
    <testcase name="testVenderGasolinaPorCantidadSencillo" classname="uniandes.dpoo.gasolinera.tests.GasolineraTest" time="0.006" displayname="testVenderGasolinaPorCantidadSencillo()" uniqueid="[engine:junit-jupiter]/[class:uniandes.dpoo.gasolinera.tests.GasolineraTest]/[method:testVenderGasolinaPorCantidadSencillo()]">
      <failure>
        <expected>10.0</expected>
        <actual>-10.0</actual>
        org.opentest4j.AssertionFailedError: La cantidad de galones vendidos en el surtidor no es correcta ==&gt; expected: &lt;10.0&gt; but was: &lt;-10.0&gt;
	at org.junit.jupiter.api.AssertionFailureBuilder.build(AssertionFailureBuilder.java:151)
	at org.junit.jupiter.api.AssertionFailureBuilder.buildAndThrow(AssertionFailureBuilder.java:132)
	at org.junit.jupiter.api.AssertEquals.failNotEqual(AssertEquals.java:197)
	at org.junit.jupiter.api.AssertEquals.assertEquals(AssertEquals.java:86)
	at org.junit.jupiter.api.Assertions.assertEquals(Assertions.java:1024)
	at uniandes.dpoo.gasolinera.tests.GasolineraTest.testVenderGasolinaPorCantidadSencillo(GasolineraTest.java:308)
	at java.base/java.lang.reflect.Method.invoke(Method.java:580)
	at java.base/java.util.ArrayList.forEach(ArrayList.java:1597)
	at java.base/java.util.ArrayList.forEach(ArrayList.java:1597)


      </failure>
    </testcase>
    <testcase name="testCargarEstado" classname="uniandes.dpoo.gasolinera.tests.GasolineraTest" time="0.001" displayname="testCargarEstado()" uniqueid="[engine:junit-jupiter]/[class:uniandes.dpoo.gasolinera.tests.GasolineraTest]/[method:testCargarEstado()]"/>
  </testsuite>
</testrun>
